<?xml version="1.0" encoding="UTF-8"?>
<!-- Generated by org.testng.reporters.JUnitReportReporter -->
<testsuite skipped="0" hostname="dream" name="com.romanceabroad.ui.RegistrationTests2" tests="9" failures="0" timestamp="30 Dec 2020 06:07:21 GMT" time="212.926" errors="0">
  <testcase name="testRegistration2" time="23.486" classname="com.romanceabroad.ui.RegistrationTests2"/>
  <testcase name="testRegistration2" time="13.792" classname="com.romanceabroad.ui.RegistrationTests2"/>
  <testcase name="testRegistration2" time="35.952" classname="com.romanceabroad.ui.RegistrationTests2"/>
  <testcase name="testRegistration2" time="21.509" classname="com.romanceabroad.ui.RegistrationTests2"/>
  <testcase name="testRegistration2" time="29.920" classname="com.romanceabroad.ui.RegistrationTests2"/>
  <testcase name="testRegistration2" time="16.642" classname="com.romanceabroad.ui.RegistrationTests2"/>
  <testcase name="testRegistration2" time="20.287" classname="com.romanceabroad.ui.RegistrationTests2"/>
  <testcase name="testRegistration2" time="25.474" classname="com.romanceabroad.ui.RegistrationTests2"/>
  <testcase name="testRegistration2" time="25.864" classname="com.romanceabroad.ui.RegistrationTests2"/>
</testsuite> <!-- com.romanceabroad.ui.RegistrationTests2 -->
