<?xml version="1.0" encoding="UTF-8"?>
<!-- Generated by org.testng.reporters.JUnitReportReporter -->
<testsuite skipped="0" hostname="dream" name="com.romanceabroad.ui.GiftsTests" tests="12" failures="0" timestamp="30 Dec 2020 06:07:21 GMT" time="239.211" errors="0">
  <testcase name="testGiftSearch" time="17.713" classname="com.romanceabroad.ui.GiftsTests"/>
  <testcase name="testGiftSearch" time="18.647" classname="com.romanceabroad.ui.GiftsTests"/>
  <testcase name="testGiftSearch" time="17.256" classname="com.romanceabroad.ui.GiftsTests"/>
  <testcase name="testGiftSearch" time="19.168" classname="com.romanceabroad.ui.GiftsTests"/>
  <testcase name="testGiftSearch" time="21.715" classname="com.romanceabroad.ui.GiftsTests"/>
  <testcase name="testGiftSearch" time="17.342" classname="com.romanceabroad.ui.GiftsTests"/>
  <testcase name="testGiftSearch" time="17.758" classname="com.romanceabroad.ui.GiftsTests"/>
  <testcase name="testGiftSearch" time="23.195" classname="com.romanceabroad.ui.GiftsTests"/>
  <testcase name="testGiftSearch" time="21.702" classname="com.romanceabroad.ui.GiftsTests"/>
  <testcase name="testGiftSearch" time="20.810" classname="com.romanceabroad.ui.GiftsTests"/>
  <testcase name="testGiftSearch" time="21.848" classname="com.romanceabroad.ui.GiftsTests"/>
  <testcase name="testGiftSearch" time="22.057" classname="com.romanceabroad.ui.GiftsTests"/>
</testsuite> <!-- com.romanceabroad.ui.GiftsTests -->
