<?xml version="1.0" encoding="UTF-8"?>
<!-- Generated by org.testng.reporters.JUnitReportReporter -->
<testsuite skipped="0" hostname="dream" name="com.romanceabroad.ui.RegistrationTests" tests="18" failures="0" timestamp="30 Dec 2020 06:07:21 GMT" time="504.442" errors="0">
  <testcase name="testRegistration" time="22.422" classname="com.romanceabroad.ui.RegistrationTests"/>
  <testcase name="testRegistration" time="20.902" classname="com.romanceabroad.ui.RegistrationTests"/>
  <testcase name="testRegistration" time="22.936" classname="com.romanceabroad.ui.RegistrationTests"/>
  <testcase name="testRegistration" time="38.723" classname="com.romanceabroad.ui.RegistrationTests"/>
  <testcase name="testRegistration2" time="41.065" classname="com.romanceabroad.ui.RegistrationTests"/>
  <testcase name="testRegistration" time="43.779" classname="com.romanceabroad.ui.RegistrationTests"/>
  <testcase name="testRegistration" time="25.991" classname="com.romanceabroad.ui.RegistrationTests"/>
  <testcase name="testRegistration" time="43.275" classname="com.romanceabroad.ui.RegistrationTests"/>
  <testcase name="testRegistration2" time="21.000" classname="com.romanceabroad.ui.RegistrationTests"/>
  <testcase name="testRegistration2" time="41.759" classname="com.romanceabroad.ui.RegistrationTests"/>
  <testcase name="testRegistration" time="22.702" classname="com.romanceabroad.ui.RegistrationTests"/>
  <testcase name="testRegistration2" time="14.614" classname="com.romanceabroad.ui.RegistrationTests"/>
  <testcase name="testRegistration" time="21.107" classname="com.romanceabroad.ui.RegistrationTests"/>
  <testcase name="testRegistration2" time="17.823" classname="com.romanceabroad.ui.RegistrationTests"/>
  <testcase name="testRegistration2" time="26.978" classname="com.romanceabroad.ui.RegistrationTests"/>
  <testcase name="testRegistration2" time="32.534" classname="com.romanceabroad.ui.RegistrationTests"/>
  <testcase name="testRegistration2" time="21.445" classname="com.romanceabroad.ui.RegistrationTests"/>
  <testcase name="testRegistration2" time="25.387" classname="com.romanceabroad.ui.RegistrationTests"/>
</testsuite> <!-- com.romanceabroad.ui.RegistrationTests -->
