<?xml version="1.0" encoding="UTF-8"?>
<!-- Generated by org.testng.reporters.JUnitReportReporter -->
<testsuite skipped="0" hostname="dream" name="com.romanceabroad.ui.GiftsTests" tests="12" failures="0" timestamp="30 Dec 2020 06:00:22 GMT" time="223.120" errors="0">
  <testcase name="testGiftSearch" time="23.266" classname="com.romanceabroad.ui.GiftsTests"/>
  <testcase name="testGiftSearch" time="15.214" classname="com.romanceabroad.ui.GiftsTests"/>
  <testcase name="testGiftSearch" time="16.448" classname="com.romanceabroad.ui.GiftsTests"/>
  <testcase name="testGiftSearch" time="15.884" classname="com.romanceabroad.ui.GiftsTests"/>
  <testcase name="testGiftSearch" time="16.202" classname="com.romanceabroad.ui.GiftsTests"/>
  <testcase name="testGiftSearch" time="15.146" classname="com.romanceabroad.ui.GiftsTests"/>
  <testcase name="testGiftSearch" time="15.418" classname="com.romanceabroad.ui.GiftsTests"/>
  <testcase name="testGiftSearch" time="15.879" classname="com.romanceabroad.ui.GiftsTests"/>
  <testcase name="testGiftSearch" time="21.430" classname="com.romanceabroad.ui.GiftsTests"/>
  <testcase name="testGiftSearch" time="27.677" classname="com.romanceabroad.ui.GiftsTests"/>
  <testcase name="testGiftSearch" time="17.185" classname="com.romanceabroad.ui.GiftsTests"/>
  <testcase name="testGiftSearch" time="23.371" classname="com.romanceabroad.ui.GiftsTests"/>
</testsuite> <!-- com.romanceabroad.ui.GiftsTests -->
