<?xml version="1.0" encoding="UTF-8"?>
<!-- Generated by org.testng.reporters.JUnitReportReporter -->
<testsuite skipped="0" hostname="dream" name="com.romanceabroad.ui.RegistrationTests2" tests="9" failures="0" timestamp="30 Dec 2020 06:00:22 GMT" time="201.558" errors="0">
  <testcase name="testRegistration2" time="19.761" classname="com.romanceabroad.ui.RegistrationTests2"/>
  <testcase name="testRegistration2" time="28.250" classname="com.romanceabroad.ui.RegistrationTests2"/>
  <testcase name="testRegistration2" time="20.087" classname="com.romanceabroad.ui.RegistrationTests2"/>
  <testcase name="testRegistration2" time="36.569" classname="com.romanceabroad.ui.RegistrationTests2"/>
  <testcase name="testRegistration2" time="11.964" classname="com.romanceabroad.ui.RegistrationTests2"/>
  <testcase name="testRegistration2" time="19.335" classname="com.romanceabroad.ui.RegistrationTests2"/>
  <testcase name="testRegistration2" time="21.114" classname="com.romanceabroad.ui.RegistrationTests2"/>
  <testcase name="testRegistration2" time="31.050" classname="com.romanceabroad.ui.RegistrationTests2"/>
  <testcase name="testRegistration2" time="13.428" classname="com.romanceabroad.ui.RegistrationTests2"/>
</testsuite> <!-- com.romanceabroad.ui.RegistrationTests2 -->
