<?xml version="1.0" encoding="UTF-8"?>
<!-- Generated by org.testng.reporters.JUnitReportReporter -->
<testsuite skipped="0" hostname="dream" name="com.romanceabroad.ui.RegistrationTests" tests="18" failures="0" timestamp="30 Dec 2020 06:00:22 GMT" time="432.439" errors="0">
  <testcase name="testRegistration" time="29.404" classname="com.romanceabroad.ui.RegistrationTests"/>
  <testcase name="testRegistration" time="32.252" classname="com.romanceabroad.ui.RegistrationTests"/>
  <testcase name="testRegistration" time="27.937" classname="com.romanceabroad.ui.RegistrationTests"/>
  <testcase name="testRegistration2" time="29.288" classname="com.romanceabroad.ui.RegistrationTests"/>
  <testcase name="testRegistration2" time="21.593" classname="com.romanceabroad.ui.RegistrationTests"/>
  <testcase name="testRegistration" time="24.877" classname="com.romanceabroad.ui.RegistrationTests"/>
  <testcase name="testRegistration2" time="32.052" classname="com.romanceabroad.ui.RegistrationTests"/>
  <testcase name="testRegistration" time="28.306" classname="com.romanceabroad.ui.RegistrationTests"/>
  <testcase name="testRegistration" time="25.998" classname="com.romanceabroad.ui.RegistrationTests"/>
  <testcase name="testRegistration2" time="12.306" classname="com.romanceabroad.ui.RegistrationTests"/>
  <testcase name="testRegistration" time="23.368" classname="com.romanceabroad.ui.RegistrationTests"/>
  <testcase name="testRegistration2" time="11.396" classname="com.romanceabroad.ui.RegistrationTests"/>
  <testcase name="testRegistration2" time="23.944" classname="com.romanceabroad.ui.RegistrationTests"/>
  <testcase name="testRegistration2" time="20.811" classname="com.romanceabroad.ui.RegistrationTests"/>
  <testcase name="testRegistration" time="24.414" classname="com.romanceabroad.ui.RegistrationTests"/>
  <testcase name="testRegistration2" time="18.687" classname="com.romanceabroad.ui.RegistrationTests"/>
  <testcase name="testRegistration2" time="21.292" classname="com.romanceabroad.ui.RegistrationTests"/>
  <testcase name="testRegistration" time="24.514" classname="com.romanceabroad.ui.RegistrationTests"/>
</testsuite> <!-- com.romanceabroad.ui.RegistrationTests -->
