<?xml version="1.0" encoding="UTF-8"?>
<testsuite xmlns:xsi="http://www.w3.org/2001/XMLSchema-instance" xsi:noNamespaceSchemaLocation="https://maven.apache.org/surefire/maven-surefire-plugin/xsd/surefire-test-report-3.0.xsd" version="3.0" name="TestSuite" time="361.629" tests="39" errors="0" skipped="0" failures="0">
  <properties>
    <property name="sun.desktop" value="gnome"/>
    <property name="awt.toolkit" value="sun.awt.X11.XToolkit"/>
    <property name="file.encoding.pkg" value="sun.io"/>
    <property name="java.specification.version" value="1.8"/>
    <property name="webdriver.chrome.driver" value="chromedriver"/>
    <property name="sun.cpu.isalist" value=""/>
    <property name="sun.jnu.encoding" value="UTF-8"/>
    <property name="java.class.path" value="/home/anya/IdeaProjects/romance/target/test-classes:/home/anya/IdeaProjects/romance/target/classes:/home/anya/.m2/repository/org/seleniumhq/selenium/selenium-java/3.141.59/selenium-java-3.141.59.jar:/home/anya/.m2/repository/org/seleniumhq/selenium/selenium-api/3.141.59/selenium-api-3.141.59.jar:/home/anya/.m2/repository/org/seleniumhq/selenium/selenium-chrome-driver/3.141.59/selenium-chrome-driver-3.141.59.jar:/home/anya/.m2/repository/org/seleniumhq/selenium/selenium-edge-driver/3.141.59/selenium-edge-driver-3.141.59.jar:/home/anya/.m2/repository/org/seleniumhq/selenium/selenium-firefox-driver/3.141.59/selenium-firefox-driver-3.141.59.jar:/home/anya/.m2/repository/org/seleniumhq/selenium/selenium-ie-driver/3.141.59/selenium-ie-driver-3.141.59.jar:/home/anya/.m2/repository/org/seleniumhq/selenium/selenium-opera-driver/3.141.59/selenium-opera-driver-3.141.59.jar:/home/anya/.m2/repository/org/seleniumhq/selenium/selenium-remote-driver/3.141.59/selenium-remote-driver-3.141.59.jar:/home/anya/.m2/repository/org/seleniumhq/selenium/selenium-safari-driver/3.141.59/selenium-safari-driver-3.141.59.jar:/home/anya/.m2/repository/org/seleniumhq/selenium/selenium-support/3.141.59/selenium-support-3.141.59.jar:/home/anya/.m2/repository/net/bytebuddy/byte-buddy/1.8.15/byte-buddy-1.8.15.jar:/home/anya/.m2/repository/org/apache/commons/commons-exec/1.3/commons-exec-1.3.jar:/home/anya/.m2/repository/com/google/guava/guava/25.0-jre/guava-25.0-jre.jar:/home/anya/.m2/repository/com/google/code/findbugs/jsr305/1.3.9/jsr305-1.3.9.jar:/home/anya/.m2/repository/org/checkerframework/checker-compat-qual/2.0.0/checker-compat-qual-2.0.0.jar:/home/anya/.m2/repository/com/google/errorprone/error_prone_annotations/2.1.3/error_prone_annotations-2.1.3.jar:/home/anya/.m2/repository/com/google/j2objc/j2objc-annotations/1.1/j2objc-annotations-1.1.jar:/home/anya/.m2/repository/org/codehaus/mojo/animal-sniffer-annotations/1.14/animal-sniffer-annotations-1.14.jar:/home/anya/.m2/repository/com/squareup/okhttp3/okhttp/3.11.0/okhttp-3.11.0.jar:/home/anya/.m2/repository/com/squareup/okio/okio/1.14.0/okio-1.14.0.jar:/home/anya/.m2/repository/org/testng/testng/6.14.3/testng-6.14.3.jar:/home/anya/.m2/repository/com/beust/jcommander/1.72/jcommander-1.72.jar:/home/anya/.m2/repository/org/apache-extras/beanshell/bsh/2.0b6/bsh-2.0b6.jar:/home/anya/.m2/repository/org/apache/commons/commons-lang3/3.11/commons-lang3-3.11.jar:/home/anya/.m2/repository/de/redsix/pdfcompare/1.1.56/pdfcompare-1.1.56.jar:/home/anya/.m2/repository/org/apache/pdfbox/pdfbox/2.0.18/pdfbox-2.0.18.jar:/home/anya/.m2/repository/org/apache/pdfbox/fontbox/2.0.18/fontbox-2.0.18.jar:/home/anya/.m2/repository/commons-logging/commons-logging/1.2/commons-logging-1.2.jar:/home/anya/.m2/repository/com/typesafe/config/1.4.0/config-1.4.0.jar:/home/anya/.m2/repository/org/slf4j/slf4j-api/1.7.30/slf4j-api-1.7.30.jar:/home/anya/.m2/repository/ch/qos/logback/logback-classic/1.2.3/logback-classic-1.2.3.jar:/home/anya/.m2/repository/ch/qos/logback/logback-core/1.2.3/logback-core-1.2.3.jar:/home/anya/.m2/repository/commons-cli/commons-cli/1.4/commons-cli-1.4.jar:"/>
    <property name="java.vm.vendor" value="Oracle Corporation"/>
    <property name="sun.arch.data.model" value="64"/>
    <property name="java.vendor.url" value="http://java.oracle.com/"/>
    <property name="user.timezone" value="America/Los_Angeles"/>
    <property name="java.vm.specification.version" value="1.8"/>
    <property name="os.name" value="Linux"/>
    <property name="user.country" value="US"/>
    <property name="sun.java.launcher" value="SUN_STANDARD"/>
    <property name="sun.boot.library.path" value="/usr/lib/jvm/java-8-oracle/jre/lib/amd64"/>
    <property name="sun.java.command" value="/home/anya/IdeaProjects/romance/target/surefire/surefirebooter7005270816677895185.jar /home/anya/IdeaProjects/romance/target/surefire 2020-12-29T21-54-18_213-jvmRun1 surefire3236489730239019172tmp surefire_07697534872957219330tmp"/>
    <property name="surefire.test.class.path" value="/home/anya/IdeaProjects/romance/target/test-classes:/home/anya/IdeaProjects/romance/target/classes:/home/anya/.m2/repository/org/seleniumhq/selenium/selenium-java/3.141.59/selenium-java-3.141.59.jar:/home/anya/.m2/repository/org/seleniumhq/selenium/selenium-api/3.141.59/selenium-api-3.141.59.jar:/home/anya/.m2/repository/org/seleniumhq/selenium/selenium-chrome-driver/3.141.59/selenium-chrome-driver-3.141.59.jar:/home/anya/.m2/repository/org/seleniumhq/selenium/selenium-edge-driver/3.141.59/selenium-edge-driver-3.141.59.jar:/home/anya/.m2/repository/org/seleniumhq/selenium/selenium-firefox-driver/3.141.59/selenium-firefox-driver-3.141.59.jar:/home/anya/.m2/repository/org/seleniumhq/selenium/selenium-ie-driver/3.141.59/selenium-ie-driver-3.141.59.jar:/home/anya/.m2/repository/org/seleniumhq/selenium/selenium-opera-driver/3.141.59/selenium-opera-driver-3.141.59.jar:/home/anya/.m2/repository/org/seleniumhq/selenium/selenium-remote-driver/3.141.59/selenium-remote-driver-3.141.59.jar:/home/anya/.m2/repository/org/seleniumhq/selenium/selenium-safari-driver/3.141.59/selenium-safari-driver-3.141.59.jar:/home/anya/.m2/repository/org/seleniumhq/selenium/selenium-support/3.141.59/selenium-support-3.141.59.jar:/home/anya/.m2/repository/net/bytebuddy/byte-buddy/1.8.15/byte-buddy-1.8.15.jar:/home/anya/.m2/repository/org/apache/commons/commons-exec/1.3/commons-exec-1.3.jar:/home/anya/.m2/repository/com/google/guava/guava/25.0-jre/guava-25.0-jre.jar:/home/anya/.m2/repository/com/google/code/findbugs/jsr305/1.3.9/jsr305-1.3.9.jar:/home/anya/.m2/repository/org/checkerframework/checker-compat-qual/2.0.0/checker-compat-qual-2.0.0.jar:/home/anya/.m2/repository/com/google/errorprone/error_prone_annotations/2.1.3/error_prone_annotations-2.1.3.jar:/home/anya/.m2/repository/com/google/j2objc/j2objc-annotations/1.1/j2objc-annotations-1.1.jar:/home/anya/.m2/repository/org/codehaus/mojo/animal-sniffer-annotations/1.14/animal-sniffer-annotations-1.14.jar:/home/anya/.m2/repository/com/squareup/okhttp3/okhttp/3.11.0/okhttp-3.11.0.jar:/home/anya/.m2/repository/com/squareup/okio/okio/1.14.0/okio-1.14.0.jar:/home/anya/.m2/repository/org/testng/testng/6.14.3/testng-6.14.3.jar:/home/anya/.m2/repository/com/beust/jcommander/1.72/jcommander-1.72.jar:/home/anya/.m2/repository/org/apache-extras/beanshell/bsh/2.0b6/bsh-2.0b6.jar:/home/anya/.m2/repository/org/apache/commons/commons-lang3/3.11/commons-lang3-3.11.jar:/home/anya/.m2/repository/de/redsix/pdfcompare/1.1.56/pdfcompare-1.1.56.jar:/home/anya/.m2/repository/org/apache/pdfbox/pdfbox/2.0.18/pdfbox-2.0.18.jar:/home/anya/.m2/repository/org/apache/pdfbox/fontbox/2.0.18/fontbox-2.0.18.jar:/home/anya/.m2/repository/commons-logging/commons-logging/1.2/commons-logging-1.2.jar:/home/anya/.m2/repository/com/typesafe/config/1.4.0/config-1.4.0.jar:/home/anya/.m2/repository/org/slf4j/slf4j-api/1.7.30/slf4j-api-1.7.30.jar:/home/anya/.m2/repository/ch/qos/logback/logback-classic/1.2.3/logback-classic-1.2.3.jar:/home/anya/.m2/repository/ch/qos/logback/logback-core/1.2.3/logback-core-1.2.3.jar:/home/anya/.m2/repository/commons-cli/commons-cli/1.4/commons-cli-1.4.jar:"/>
    <property name="sun.cpu.endian" value="little"/>
    <property name="user.home" value="/home/anya"/>
    <property name="user.language" value="en"/>
    <property name="java.specification.vendor" value="Oracle Corporation"/>
    <property name="java.home" value="/usr/lib/jvm/java-8-oracle/jre"/>
    <property name="basedir" value="/home/anya/IdeaProjects/romance"/>
    <property name="file.separator" value="/"/>
    <property name="line.separator" value="&#10;"/>
    <property name="java.vm.specification.vendor" value="Oracle Corporation"/>
    <property name="java.specification.name" value="Java Platform API Specification"/>
    <property name="java.awt.graphicsenv" value="sun.awt.X11GraphicsEnvironment"/>
    <property name="idea.version2020.1.2" value="true"/>
    <property name="surefire.real.class.path" value="/home/anya/IdeaProjects/romance/target/surefire/surefirebooter7005270816677895185.jar"/>
    <property name="sun.boot.class.path" value="/usr/lib/jvm/java-8-oracle/jre/lib/resources.jar:/usr/lib/jvm/java-8-oracle/jre/lib/rt.jar:/usr/lib/jvm/java-8-oracle/jre/lib/sunrsasign.jar:/usr/lib/jvm/java-8-oracle/jre/lib/jsse.jar:/usr/lib/jvm/java-8-oracle/jre/lib/jce.jar:/usr/lib/jvm/java-8-oracle/jre/lib/charsets.jar:/usr/lib/jvm/java-8-oracle/jre/lib/jfr.jar:/usr/lib/jvm/java-8-oracle/jre/classes"/>
    <property name="sun.management.compiler" value="HotSpot 64-Bit Tiered Compilers"/>
    <property name="java.runtime.version" value="1.8.0_201-b09"/>
    <property name="user.name" value="anya"/>
    <property name="path.separator" value=":"/>
    <property name="webdriver.opera.driver" value="operadriver"/>
    <property name="os.version" value="5.4.0-54-generic"/>
    <property name="java.endorsed.dirs" value="/usr/lib/jvm/java-8-oracle/jre/lib/endorsed"/>
    <property name="java.runtime.name" value="Java(TM) SE Runtime Environment"/>
    <property name="file.encoding" value="UTF-8"/>
    <property name="java.vm.name" value="Java HotSpot(TM) 64-Bit Server VM"/>
    <property name="localRepository" value="/home/anya/.m2/repository"/>
    <property name="java.vendor.url.bug" value="http://bugreport.sun.com/bugreport/"/>
    <property name="java.io.tmpdir" value="/tmp"/>
    <property name="java.version" value="1.8.0_201"/>
    <property name="user.dir" value="/home/anya/IdeaProjects/romance"/>
    <property name="os.arch" value="amd64"/>
    <property name="webdriver.gecko.driver" value="geckodriver"/>
    <property name="java.vm.specification.name" value="Java Virtual Machine Specification"/>
    <property name="java.awt.printerjob" value="sun.print.PSPrinterJob"/>
    <property name="sun.os.patch.level" value="unknown"/>
    <property name="java.library.path" value="/usr/java/packages/lib/amd64:/usr/lib64:/lib64:/lib:/usr/lib"/>
    <property name="java.vm.info" value="mixed mode"/>
    <property name="java.vendor" value="Oracle Corporation"/>
    <property name="java.vm.version" value="25.201-b09"/>
    <property name="java.ext.dirs" value="/usr/lib/jvm/java-8-oracle/jre/lib/ext:/usr/java/packages/lib/ext"/>
    <property name="sun.io.unicode.encoding" value="UnicodeLittle"/>
    <property name="java.class.version" value="52.0"/>
  </properties>
  <testcase name="testRegistration[JohnSmith@gmail.com, passwOrd, 22, May, 1995, 2223455666, Sydney, North Sydney](1)" classname="com.romanceabroad.ui.RegistrationTests" time="7.224">
    <system-out><![CDATA[22
May
1995
22
May
1995
22
North Sydney, State of New South Wales, Australia
May
]]></system-out>
    <system-err><![CDATA[Starting ChromeDriver 87.0.4280.S8t8a r(t89ien2g3 80Oap3eer3a6Dcr3i4v6e4rb 58d6d1.3002.344294b01.38802 5(479e29d08d-8rebf5s/3bbradnach4-5heaa2dsd/412980e@{f#b1746f1}8) 7o0n 6pdordt 61b5663c7
aOndly0 ldoc3aal fc-onrneecftiso/nsb rarae nacllho-wehd.e
aPdlse/a4se2 s4e0e @h{tt#ps1:1//8c3hr}o)me droinve rp.cohrrto mi3u1m.5o1rg4/
sOenclyu rloitcya-lco ncsoindenreatcitonis ofnosr  saurggees taiolnls oown ekde.ep
inPg lCheraomseDer ivseer es afhet.t
pCshr:o/me/Dcrihverro wmase dstrairtevd esru.ccceshsrfuomlilyu.m
.org/security-considerations for suggestions on keeping OperaDriver safe.
OperaDriver was started successfully.
1609307661709	mozrunner::runner	INFO	Running command: "/usr/lib/firefox/firefox" "-marionette" "-foreground" "-no-remote" "-profile" "/tmp/rust_mozprofile1l1Xv4"
Dec 29, 2020 9:54:22 PM org.openqa.selenium.remote.ProtocolHandshake createSession
INFO: Detected dialect: W3C
[1609307664.932][WARNING]: This version of OperaDriver has not been tested with Opera version 87.
Dec 29, 2020 9:54:25 PM org.openqa.selenium.remote.ProtocolHandshake createSession
INFO: Detected dialect: OSS
console.warn: SearchSettings: "get: No settings file exists, new profile?" (new Error("", "(unknown module)"))
1609307671718	Marionette	INFO	Listening on port 40635
1609307671777	Marionette	WARN	TLS certificate errors will be ignored for this session
Dec 29, 2020 9:54:31 PM org.openqa.selenium.remote.ProtocolHandshake createSession
INFO: Detected dialect: W3C
]]></system-err>
  </testcase>
  <testcase name="testRegistration[JohnSmith@gmail.com, passwOrd, 22, May, 1995, 2223455666, Sydney, North Sydney](1)" classname="com.romanceabroad.ui.RegistrationTests" time="9.373">
    <system-out><![CDATA[1995
North Sydney, State of New South Wales, Australia
]]></system-out>
    <system-err><![CDATA[Starting ChromeDriver 87.0.4280.88 (89e2380a3e36c3464b5dd1302349b1382549290d-refs/branch-heads/4280@{#1761}) on port 25903
Only local connections are allowed.
Please see https://chromedriver.chromium.org/security-considerations for suggestions on keeping ChromeDriver safe.
ChromeDriver was started successfully.
Dec 29, 2020 9:54:47 PM org.openqa.selenium.remote.ProtocolHandshake createSession
INFO: Detected dialect: W3C
]]></system-err>
  </testcase>
  <testcase name="testRegistration[JohnSmith@gmail.com, passwOrd, 22, May, 1995, 2223455666, Sydney, North Sydney](1)" classname="com.romanceabroad.ui.RegistrationTests" time="13.571">
    <system-out><![CDATA[North Sydney, State of New South Wales, Australia
]]></system-out>
    <system-err><![CDATA[Starting OperaDriver 86.0.4240.80 (7ed88b53bda45a2d19efb4f8706dd6b6cad0d3af-refs/branch-heads/4240@{#1183}) on port 19296
Only local connections are allowed.
Please see https://chromedriver.chromium.org/security-considerations for suggestions on keeping OperaDriver safe.
OperaDriver was started successfully.
[1609307691.157][WARNING]: This version of OperaDriver has not been tested with Opera version 87.
Dec 29, 2020 9:54:51 PM org.openqa.selenium.remote.ProtocolHandshake createSession
INFO: Detected dialect: OSS
]]></system-err>
  </testcase>
  <testcase name="testRegistration[Dwall@gmail.com, 123%%%78, 12, May, 1981, 5556678888, Sydney, North Sydney](2)" classname="com.romanceabroad.ui.RegistrationTests" time="0.304">
    <system-out><![CDATA[12
May
12
1981
May
1981
North Sydney, State of New South Wales, Australia
]]></system-out>
    <system-err><![CDATA[1609307693296	Marionette	INFO	Stopped listening on port 40635
JavaScript error: resource://activity-stream/lib/ASRouter.jsm, line 987: NS_ERROR_ILLEGAL_VALUE: Component returned failure code: 0x80070057 (NS_ERROR_ILLEGAL_VALUE) [nsIObserverService.removeObserver]
1609307695450	mozrunner::runner	INFO	Running command: "/usr/lib/firefox/firefox" "-marionette" "-foreground" "-no-remote" "-profile" "/tmp/rust_mozprofileE7bykc"
console.warn: SearchSettings: "get: No settings file exists, new profile?" (new Error("", "(unknown module)"))
1609307702670	Marionette	INFO	Listening on port 45161
1609307702823	Marionette	WARN	TLS certificate errors will be ignored for this session
Dec 29, 2020 9:55:02 PM org.openqa.selenium.remote.ProtocolHandshake createSession
INFO: Detected dialect: W3C
]]></system-err>
  </testcase>
  <testcase name="testRegistration[Dwall@gmail.com, 123%%%78, 12, May, 1981, 5556678888, Sydney, North Sydney](2)" classname="com.romanceabroad.ui.RegistrationTests" time="3.065">
    <system-out><![CDATA[North Sydney, State of New South Wales, Australia
]]></system-out>
    <system-err><![CDATA[Starting ChromeDriver 87.0.4280.88 (89e2380a3e36c3464b5dd1302349b1382549290d-refs/branch-heads/4280@{#1761}) on port 16549
Only local connections are allowed.
Please see https://chromedriver.chromium.org/security-considerations for suggestions on keeping ChromeDriver safe.
ChromeDriver was started successfully.
Dec 29, 2020 9:55:12 PM org.openqa.selenium.remote.ProtocolHandshake createSession
INFO: Detected dialect: W3C
]]></system-err>
  </testcase>
  <testcase name="testRegistration[Dwall@gmail.com, 123%%%78, 12, May, 1981, 5556678888, Sydney, North Sydney](2)" classname="com.romanceabroad.ui.RegistrationTests" time="1.785">
    <system-out><![CDATA[12
May
1981
North Sydney, State of New South Wales, Australia
]]></system-out>
    <system-err><![CDATA[Starting OperaDriver 86.0.4240.80 (7ed88b53bda45a2d19efb4f8706dd6b6cad0d3af-refs/branch-heads/4240@{#1183}) on port 13069
Only local connections are allowed.
Please see https://chromedriver.chromium.org/security-considerations for suggestions on keeping OperaDriver safe.
OperaDriver was started successfully.
[1609307715.638][WARNING]: This version of OperaDriver has not been tested with Opera version 87.
Dec 29, 2020 9:55:16 PM org.openqa.selenium.remote.ProtocolHandshake createSession
INFO: Detected dialect: OSS
]]></system-err>
  </testcase>
  <testcase name="testRegistration[DennyG@gmail.com, 1234567, 1, Jan, 2001, 3860445567, Sydney, North Sydney](3)" classname="com.romanceabroad.ui.RegistrationTests" time="13.784">
    <system-out><![CDATA[1
1
Jan
2001
Jan
2001
North Sydney, State of New South Wales, Australia
]]></system-out>
    <system-err><![CDATA[1609307722738	Marionette	INFO	Stopped listening on port 45161
JavaScript error: resource://activity-stream/lib/ASRouter.jsm, line 987: NS_ERROR_ILLEGAL_VALUE: Component returned failure code: 0x80070057 (NS_ERROR_ILLEGAL_VALUE) [nsIObserverService.removeObserver]
1609307724939	mozrunner::runner	INFO	Running command: "/usr/lib/firefox/firefox" "-marionette" "-foreground" "-no-remote" "-profile" "/tmp/rust_mozprofileqaq8mk"
console.warn: SearchSettings: "get: No settings file exists, new profile?" (new Error("", "(unknown module)"))
1609307733415	Marionette	INFO	Listening on port 39857
1609307733734	Marionette	WARN	TLS certificate errors will be ignored for this session
Dec 29, 2020 9:55:33 PM org.openqa.selenium.remote.ProtocolHandshake createSession
INFO: Detected dialect: W3C
]]></system-err>
  </testcase>
  <testcase name="testRegistration[DennyG@gmail.com, 1234567, 1, Jan, 2001, 3860445567, Sydney, North Sydney](3)" classname="com.romanceabroad.ui.RegistrationTests" time="15.401">
    <system-out><![CDATA[North Sydney, State of New South Wales, Australia
]]></system-out>
    <system-err><![CDATA[Starting ChromeDriver 87.0.4280.88 (89e2380a3e36c3464b5dd1302349b1382549290d-refs/branch-heads/4280@{#1761}) on port 13693
Only local connections are allowed.
Please see https://chromedriver.chromium.org/security-considerations for suggestions on keeping ChromeDriver safe.
ChromeDriver was started successfully.
Dec 29, 2020 9:55:35 PM org.openqa.selenium.remote.ProtocolHandshake createSession
INFO: Detected dialect: W3C
]]></system-err>
  </testcase>
  <testcase name="testRegistration[DennyG@gmail.com, 1234567, 1, Jan, 2001, 3860445567, Sydney, North Sydney](3)" classname="com.romanceabroad.ui.RegistrationTests" time="9.128">
    <system-out><![CDATA[1
Jan
2
2001
Jan
2
1993
Jan
1993
North Sydney, State of New South Wales, Australia
]]></system-out>
    <system-err><![CDATA[Starting OperaDriver 86.0.4240.80 (7ed88b53bda45a2d19efb4f8706dd6b6cad0d3af-refs/branch-heads/4240@{#1183}) on port 18837
Only local connections are allowed.
Please see https://chromedriver.chromium.org/security-considerations for suggestions on keeping OperaDriver safe.
OperaDriver was started successfully.
[1609307739.468][WARNING]: This version of OperaDriver has not been tested with Opera version 87.
Dec 29, 2020 9:55:40 PM org.openqa.selenium.remote.ProtocolHandshake createSession
INFO: Detected dialect: OSS
]]></system-err>
  </testcase>
  <testcase name="testRegistration2[11@gmail.com, John77929, true](1)" classname="com.romanceabroad.ui.RegistrationTests" time="12.751">
    <system-out><![CDATA[North Sydney, State of New South Wales, Australia
]]></system-out>
    <system-err><![CDATA[1609307754745	Marionette	INFO	Stopped listening on port 39857
JavaScript error: resource://activity-stream/lib/ASRouter.jsm, line 987: NS_ERROR_ILLEGAL_VALUE: Component returned failure code: 0x80070057 (NS_ERROR_ILLEGAL_VALUE) [nsIObserverService.removeObserver]
1609307757003	mozrunner::runner	INFO	Running command: "/usr/lib/firefox/firefox" "-marionette" "-foreground" "-no-remote" "-profile" "/tmp/rust_mozprofileSnmwJb"
]]></system-err>
  </testcase>
  <testcase name="testRegistration2[11@gmail.com, John77929, true](1)" classname="com.romanceabroad.ui.RegistrationTests" time="14.733">
    <system-out><![CDATA[North Sydney, State of New South Wales, Australia
]]></system-out>
    <system-err><![CDATA[Starting ChromeDriver 87.0.4280.88 (89e2380a3e36c3464b5dd1302349b1382549290d-refs/branch-heads/4280@{#1761}) on port 23426
Only local connections are allowed.
Please see https://chromedriver.chromium.org/security-considerations for suggestions on keeping ChromeDriver safe.
ChromeDriver was started successfully.
Dec 29, 2020 9:55:59 PM org.openqa.selenium.remote.ProtocolHandshake createSession
INFO: Detected dialect: W3C
]]></system-err>
  </testcase>
  <testcase name="testRegistration2[11@gmail.com, John77929, true](1)" classname="com.romanceabroad.ui.RegistrationTests" time="2.436">
    <system-out><![CDATA[2
Jan
1993
North Sydney, State of New South Wales, Australia
]]></system-out>
    <system-err><![CDATA[Starting OperaDriver 86.0.4240.80 (7ed88b53bda45a2d19efb4f8706dd6b6cad0d3af-refs/branch-heads/4240@{#1183}) on port 16886
Only local connections are allowed.
Please see https://chromedriver.chromium.org/security-considerations for suggestions on keeping OperaDriver safe.
OperaDriver was started successfully.
[1609307774.790][WARNING]: This version of OperaDriver has not been tested with Opera version 87.
Dec 29, 2020 9:56:15 PM org.openqa.selenium.remote.ProtocolHandshake createSession
INFO: Detected dialect: OSS
]]></system-err>
  </testcase>
  <testcase name="testRegistration2[11gmail.com, John77929, false](2)" classname="com.romanceabroad.ui.RegistrationTests" time="0.967">
    <system-out><![CDATA[Email is not correct
]]></system-out>
    <system-err><![CDATA[Starting OperaDriver 86.0.4240.80 (7ed88b53bda45a2d19efb4f8706dd6b6cad0d3af-refs/branch-heads/4240@{#1183}) on port 29754
Only local connections are allowed.
Please see https://chromedriver.chromium.org/security-considerations for suggestions on keeping OperaDriver safe.
OperaDriver was started successfully.
console.warn: SearchSettings: "get: No settings file exists, new profile?" (new Error("", "(unknown module)"))
[1609307762.955][WARNING]: This version of OperaDriver has not been tested with Opera version 87.
Dec 29, 2020 9:56:03 PM org.openqa.selenium.remote.ProtocolHandshake createSession
INFO: Detected dialect: OSS
1609307765321	Marionette	INFO	Listening on port 34047
1609307765366	Marionette	WARN	TLS certificate errors will be ignored for this session
Dec 29, 2020 9:56:05 PM org.openqa.selenium.remote.ProtocolHandshake createSession
INFO: Detected dialect: W3C
]]></system-err>
  </testcase>
  <testcase name="testRegistration2[11gmail.com, John77929, false](2)" classname="com.romanceabroad.ui.RegistrationTests" time="1.338">
    <system-out><![CDATA[Email is not correct
]]></system-out>
    <system-err><![CDATA[Starting ChromeDriver 87.0.4280.88 (89e2380a3e36c3464b5dd1302349b1382549290d-refs/branch-heads/4280@{#1761}) on port 29498
Only local connections are allowed.
Please see https://chromedriver.chromium.org/security-considerations for suggestions on keeping ChromeDriver safe.
ChromeDriver was started successfully.
Dec 29, 2020 9:56:11 PM org.openqa.selenium.remote.ProtocolHandshake createSession
INFO: Detected dialect: W3C
]]></system-err>
  </testcase>
  <testcase name="testRegistration2[11gmail.com, John77929, false](2)" classname="com.romanceabroad.ui.RegistrationTests" time="0.106">
    <system-out><![CDATA[Email is not correct
]]></system-out>
    <system-err><![CDATA[Starting OperaDriver 86.0.4240.80 (7ed88b53bda45a2d19efb4f8706dd6b6cad0d3af-refs/branch-heads/4240@{#1183}) on port 11667
Only local connections are allowed.
Please see https://chromedriver.chromium.org/security-considerations for suggestions on keeping OperaDriver safe.
OperaDriver was started successfully.
[1609307795.572][WARNING]: This version of OperaDriver has not been tested with Opera version 87.
Dec 29, 2020 9:56:35 PM org.openqa.selenium.remote.ProtocolHandshake createSession
INFO: Detected dialect: OSS
1609307802495	Marionette	WARN	TimedPromise timed out after 500 ms: stacktrace:
TimedPromise/<@chrome://marionette/content/sync.js:235:19
TimedPromise@chrome://marionette/content/sync.js:220:10
interaction.flushEventLoop@chrome://marionette/content/interaction.js:418:10
webdriverClickElement@chrome://marionette/content/interaction.js:179:31
]]></system-err>
  </testcase>
  <testcase name="testRegistration2[11@yandex.com, John77929, true](3)" classname="com.romanceabroad.ui.RegistrationTests" time="10.688">
    <system-out><![CDATA[2
Jan
2
1993
Jan
1993
North Sydney, State of New South Wales, Australia
]]></system-out>
    <system-err><![CDATA[1609307783512	Marionette	INFO	Stopped listening on port 34047
JavaScript error: resource://activity-stream/lib/ASRouter.jsm, line 987: NS_ERROR_ILLEGAL_VALUE: Component returned failure code: 0x80070057 (NS_ERROR_ILLEGAL_VALUE) [nsIObserverService.removeObserver]
1609307785710	mozrunner::runner	INFO	Running command: "/usr/lib/firefox/firefox" "-marionette" "-foreground" "-no-remote" "-profile" "/tmp/rust_mozprofileGbgnsX"
console.warn: SearchSettings: "get: No settings file exists, new profile?" (new Error("", "(unknown module)"))
1609307791722	Marionette	INFO	Listening on port 40331
1609307791756	Marionette	WARN	TLS certificate errors will be ignored for this session
]]></system-err>
  </testcase>
  <testcase name="testRegistration2[11@yandex.com, John77929, true](3)" classname="com.romanceabroad.ui.RegistrationTests" time="11.76">
    <system-out><![CDATA[North Sydney, State of New South Wales, Australia
]]></system-out>
    <system-err><![CDATA[Dec 29, 2020 9:56:31 PM org.openqa.selenium.remote.ProtocolHandshake createSession
INFO: Detected dialect: W3C
Starting ChromeDriver 87.0.4280.88 (89e2380a3e36c3464b5dd1302349b1382549290d-refs/branch-heads/4280@{#1761}) on port 25156
Only local connections are allowed.
Please see https://chromedriver.chromium.org/security-considerations for suggestions on keeping ChromeDriver safe.
ChromeDriver was started successfully.
Dec 29, 2020 9:56:32 PM org.openqa.selenium.remote.ProtocolHandshake createSession
INFO: Detected dialect: W3C
]]></system-err>
  </testcase>
  <testcase name="testRegistration2[11@yandex.com, John77929, true](3)" classname="com.romanceabroad.ui.RegistrationTests" time="5.14">
    <system-out><![CDATA[North Sydney, State of New South Wales, Australia
]]></system-out>
    <system-err><![CDATA[Starting OperaDriver 86.0.4240.80 (7ed88b53bda45a2d19efb4f8706dd6b6cad0d3af-refs/branch-heads/4240@{#1183}) on port 13156
Only local connections are allowed.
Please see https://chromedriver.chromium.org/security-considerations for suggestions on keeping OperaDriver safe.
OperaDriver was started successfully.
]]></system-err>
  </testcase>
  <testcase name="testRegistration2[11@gmail.com, John77929, true](1)" classname="com.romanceabroad.ui.RegistrationTests2" time="9.335">
    <system-out><![CDATA[2
Jan
1993
2
Jan
1993
North Sydney, State of New South Wales, Australia
]]></system-out>
    <system-err><![CDATA[1609307802741	Marionette	INFO	Stopped listening on port 40331
JavaScript error: resource://activity-stream/lib/ASRouter.jsm, line 987: NS_ERROR_ILLEGAL_VALUE: Component returned failure code: 0x80070057 (NS_ERROR_ILLEGAL_VALUE) [nsIObserverService.removeObserver]
1609307804305	mozrunner::runner	INFO	Running command: "/usr/lib/firefox/firefox" "-marionette" "-foreground" "-no-remote" "-profile" "/tmp/rust_mozprofilemXgbkP"
console.warn: SearchSettings: "get: No settings file exists, new profile?" (new Error("", "(unknown module)"))
1609307810076	Marionette	INFO	Listening on port 35273
1609307810153	Marionette	WARN	TLS certificate errors will be ignored for this session
Dec 29, 2020 9:56:50 PM org.openqa.selenium.remote.ProtocolHandshake createSession
INFO: Detected dialect: W3C
]]></system-err>
  </testcase>
  <testcase name="testRegistration2[11@gmail.com, John77929, true](1)" classname="com.romanceabroad.ui.RegistrationTests2" time="11.613">
    <system-out><![CDATA[North Sydney, State of New South Wales, Australia
]]></system-out>
    <system-err><![CDATA[Starting ChromeDriver 87.0.4280.88 (89e2380a3e36c3464b5dd1302349b1382549290d-refs/branch-heads/4280@{#1761}) on port 28179
Only local connections are allowed.
Please see https://chromedriver.chromium.org/security-considerations for suggestions on keeping ChromeDriver safe.
ChromeDriver was started successfully.
Dec 29, 2020 9:56:52 PM org.openqa.selenium.remote.ProtocolHandshake createSession
INFO: Detected dialect: W3C
]]></system-err>
  </testcase>
  <testcase name="testRegistration2[11@gmail.com, John77929, true](1)" classname="com.romanceabroad.ui.RegistrationTests2" time="2.652">
    <system-out><![CDATA[2
Jan
1993
North Sydney, State of New South Wales, Australia
]]></system-out>
    <system-err><![CDATA[Starting OperaDriver 86.0.4240.80 (7ed88b53bda45a2d19efb4f8706dd6b6cad0d3af-refs/branch-heads/4240@{#1183}) on port 21529
Only local connections are allowed.
Please see https://chromedriver.chromium.org/security-considerations for suggestions on keeping OperaDriver safe.
OperaDriver was started successfully.
[1609307849.217][WARNING]: This version of OperaDriver has not been tested with Opera version 87.
Dec 29, 2020 9:57:29 PM org.openqa.selenium.remote.ProtocolHandshake createSession
INFO: Detected dialect: OSS
]]></system-err>
  </testcase>
  <testcase name="testRegistration2[11gmail.com, John77929, false](2)" classname="com.romanceabroad.ui.RegistrationTests2" time="1.763">
    <system-out><![CDATA[2
Jan
1993
Email is not correct
]]></system-out>
    <system-err><![CDATA[Starting OperaDriver 86.0.4240.80 (7ed88b53bda45a2d19efb4f8706dd6b6cad0d3af-refs/branch-heads/4240@{#1183}) on port 32660
Only local connections are allowed.
Please see https://chromedriver.chromium.org/security-considerations for suggestions on keeping OperaDriver safe.
OperaDriver was started successfully.
[1609307816.535][WARNING]: This version of OperaDriver has not been tested with Opera version 87.
Dec 29, 2020 9:56:56 PM org.openqa.selenium.remote.ProtocolHandshake createSession
INFO: Detected dialect: OSS
]]></system-err>
  </testcase>
  <testcase name="testRegistration2[11gmail.com, John77929, false](2)" classname="com.romanceabroad.ui.RegistrationTests2" time="3.69">
    <system-out><![CDATA[Email is not correct
]]></system-out>
    <system-err><![CDATA[Starting ChromeDriver 87.0.4280.88 (89e2380a3e36c3464b5dd1302349b1382549290d-refs/branch-heads/4280@{#1761}) on port 14888
Only local connections are allowed.
Please see https://chromedriver.chromium.org/security-considerations for suggestions on keeping ChromeDriver safe.
ChromeDriver was started successfully.
Dec 29, 2020 9:57:04 PM org.openqa.selenium.remote.ProtocolHandshake createSession
INFO: Detected dialect: W3C
]]></system-err>
  </testcase>
  <testcase name="testRegistration2[11gmail.com, John77929, false](2)" classname="com.romanceabroad.ui.RegistrationTests2" time="4.251">
    <system-out><![CDATA[Email is not correct
]]></system-out>
    <system-err><![CDATA[Dec 29, 2020 9:57:58 PM org.openqa.selenium.remote.ProtocolHandshake createSession
INFO: Detected dialect: W3C
Starting OperaDriver 86.0.4240.80 (7ed88b53bda45a2d19efb4f8706dd6b6cad0d3af-refs/branch-heads/4240@{#1183}) on port 30504
Only local connections are allowed.
Please see https://chromedriver.chromium.org/security-considerations for suggestions on keeping OperaDriver safe.
OperaDriver was started successfully.
[1609307881.458][WARNING]: This version of OperaDriver has not been tested with Opera version 87.
Dec 29, 2020 9:58:01 PM org.openqa.selenium.remote.ProtocolHandshake createSession
INFO: Detected dialect: OSS
1609307882246	Marionette	WARN	TimedPromise timed out after 500 ms: stacktrace:
TimedPromise/<@chrome://marionette/content/sync.js:235:19
TimedPromise@chrome://marionette/content/sync.js:220:10
interaction.flushEventLoop@chrome://marionette/content/interaction.js:418:10
webdriverClickElement@chrome://marionette/content/interaction.js:179:31
]]></system-err>
  </testcase>
  <testcase name="testRegistration2[11@yandex.com, John77929, true](3)" classname="com.romanceabroad.ui.RegistrationTests2" time="8.936">
    <system-out><![CDATA[2
Jan
1993
2
Jan
1993
North Sydney, State of New South Wales, Australia
]]></system-out>
    <system-err><![CDATA[1609307827206	Marionette	INFO	Stopped listening on port 35273
JavaScript error: resource://activity-stream/lib/ASRouter.jsm, line 987: NS_ERROR_ILLEGAL_VALUE: Component returned failure code: 0x80070057 (NS_ERROR_ILLEGAL_VALUE) [nsIObserverService.removeObserver]
[1609307829.314][WARNING]: This version of OperaDriver has not been tested with Opera version 87.
Dec 29, 2020 9:57:09 PM org.openqa.selenium.remote.ProtocolHandshake createSession
INFO: Detected dialect: OSS
1609307830983	mozrunner::runner	INFO	Running command: "/usr/lib/firefox/firefox" "-marionette" "-foreground" "-no-remote" "-profile" "/tmp/rust_mozprofileHwirdc"
console.warn: SearchSettings: "get: No settings file exists, new profile?" (new Error("", "(unknown module)"))
1609307839263	Marionette	INFO	Listening on port 38675
1609307839348	Marionette	WARN	TLS certificate errors will be ignored for this session
Dec 29, 2020 9:57:19 PM org.openqa.selenium.remote.ProtocolHandshake createSession
INFO: Detected dialect: W3C
]]></system-err>
  </testcase>
  <testcase name="testRegistration2[11@yandex.com, John77929, true](3)" classname="com.romanceabroad.ui.RegistrationTests2" time="11.889">
    <system-out><![CDATA[North Sydney, State of New South Wales, Australia
]]></system-out>
    <system-err><![CDATA[Starting ChromeDriver 87.0.4280.88 (89e2380a3e36c3464b5dd1302349b1382549290d-refs/branch-heads/4280@{#1761}) on port 4599
Only local connections are allowed.
Please see https://chromedriver.chromium.org/security-considerations for suggestions on keeping ChromeDriver safe.
ChromeDriver was started successfully.
Dec 29, 2020 9:57:24 PM org.openqa.selenium.remote.ProtocolHandshake createSession
INFO: Detected dialect: W3C
]]></system-err>
  </testcase>
  <testcase name="testRegistration2[11@yandex.com, John77929, true](3)" classname="com.romanceabroad.ui.RegistrationTests2" time="10.19">
    <system-out><![CDATA[2
Jan
1993
North Sydney, State of New South Wales, Australia
]]></system-out>
  </testcase>
  <testcase name="testGiftSearch[Flower basket](1)" classname="com.romanceabroad.ui.GiftsTests" time="4.885">
    <system-err><![CDATA[1609307858481	Marionette	INFO	Stopped listening on port 38675
JavaScript error: resource://activity-stream/lib/ASRouter.jsm, line 987: NS_ERROR_ILLEGAL_VALUE: Component returned failure code: 0x80070057 (NS_ERROR_ILLEGAL_VALUE) [nsIObserverService.removeObserver]

###!!! [Child][RunMessage] Error: Channel closing: too late to send/recv, messages will be lost

]]></system-err>
  </testcase>
  <testcase name="testGiftSearch[Flower basket](1)" classname="com.romanceabroad.ui.GiftsTests" time="6.456">
    <system-err><![CDATA[Starting ChromeDriver 87.0.4280.88 (89e2380a3e36c3464b5dd1302349b1382549290d-refs/branch-heads/4280@{#1761}) on port 27463
Only local connections are allowed.
Please see https://chromedriver.chromium.org/security-considerations for suggestions on keeping ChromeDriver safe.
ChromeDriver was started successfully.
1609307861068	mozrunner::runner	INFO	Running command: "/usr/lib/firefox/firefox" "-marionette" "-foreground" "-no-remote" "-profile" "/tmp/rust_mozprofile1nnbRv"
Dec 29, 2020 9:57:41 PM org.openqa.selenium.remote.ProtocolHandshake createSession
INFO: Detected dialect: W3C
]]></system-err>
  </testcase>
  <testcase name="testGiftSearch[Flower basket](1)" classname="com.romanceabroad.ui.GiftsTests" time="7.699">
    <system-err><![CDATA[1609307924990	Marionette	INFO	Stopped listening on port 37369
JavaScript error: resource://activity-stream/lib/ASRouter.jsm, line 987: NS_ERROR_ILLEGAL_VALUE: Component returned failure code: 0x80070057 (NS_ERROR_ILLEGAL_VALUE) [nsIObserverService.removeObserver]
1609307926855	mozrunner::runner	INFO	Running command: "/usr/lib/firefox/firefox" "-marionette" "-foreground" "-no-remote" "-profile" "/tmp/rust_mozprofileCH33gO"
console.warn: SearchSettings: "get: No settings file exists, new profile?" (new Error("", "(unknown module)"))
1609307933537	Marionette	INFO	Listening on port 40813
1609307933605	Marionette	WARN	TLS certificate errors will be ignored for this session
Dec 29, 2020 9:58:53 PM org.openqa.selenium.remote.ProtocolHandshake createSession
INFO: Detected dialect: W3C
JavaScript warning: https://romanceabroad.com/application/js/jquery.js, line 131: unreachable code after return statement
JavaScript warning: https://romanceabroad.com/application/js/jquery.js, line 131: unreachable code after return statement
]]></system-err>
  </testcase>
  <testcase name="testGiftSearch[Spa](2)" classname="com.romanceabroad.ui.GiftsTests" time="5.656">
    <system-err><![CDATA[Starting OperaDriver 86.0.4240.80 (7ed88b53bda45a2d19efb4f8706dd6b6cad0d3af-refs/branch-heads/4240@{#1183}) on port 22016
Only local connections are allowed.
Please see https://chromedriver.chromium.org/security-considerations for suggestions on keeping OperaDriver safe.
OperaDriver was started successfully.
[1609307864.545][WARNING]: This version of OperaDriver has not been tested with Opera version 87.
Dec 29, 2020 9:57:44 PM org.openqa.selenium.remote.ProtocolHandshake createSession
INFO: Detected dialect: OSS
console.warn: SearchSettings: "get: No settings file exists, new profile?" (new Error("", "(unknown module)"))
1609307869965	Marionette	INFO	Listening on port 34067
1609307870020	Marionette	WARN	TLS certificate errors will be ignored for this session
Dec 29, 2020 9:57:50 PM org.openqa.selenium.remote.ProtocolHandshake createSession
INFO: Detected dialect: W3C
]]></system-err>
  </testcase>
  <testcase name="testGiftSearch[Spa](2)" classname="com.romanceabroad.ui.GiftsTests" time="6.471">
    <system-err><![CDATA[Starting ChromeDriver 87.0.4280.88 (89e2380a3e36c3464b5dd1302349b1382549290d-refs/branch-heads/4280@{#1761}) on port 2401
Only local connections are allowed.
Please see https://chromedriver.chromium.org/security-considerations for suggestions on keeping ChromeDriver safe.
ChromeDriver was started successfully.
]]></system-err>
  </testcase>
  <testcase name="testGiftSearch[Spa](2)" classname="com.romanceabroad.ui.GiftsTests" time="6.718">
    <system-err><![CDATA[1609307947599	Marionette	INFO	Stopped listening on port 40813
JavaScript error: resource://activity-stream/lib/ASRouter.jsm, line 987: NS_ERROR_ILLEGAL_VALUE: Component returned failure code: 0x80070057 (NS_ERROR_ILLEGAL_VALUE) [nsIObserverService.removeObserver]
1609307949265	mozrunner::runner	INFO	Running command: "/usr/lib/firefox/firefox" "-marionette" "-foreground" "-no-remote" "-profile" "/tmp/rust_mozprofileWbmlnP"
console.warn: SearchSettings: "get: No settings file exists, new profile?" (new Error("", "(unknown module)"))
1609307955638	Marionette	INFO	Listening on port 45469
1609307955712	Marionette	WARN	TLS certificate errors will be ignored for this session
Dec 29, 2020 9:59:15 PM org.openqa.selenium.remote.ProtocolHandshake createSession
INFO: Detected dialect: W3C
JavaScript warning: https://romanceabroad.com/application/js/jquery.js, line 131: unreachable code after return statement
JavaScript warning: https://romanceabroad.com/application/js/jquery.js, line 131: unreachable code after return statement
]]></system-err>
  </testcase>
  <testcase name="testGiftSearch[Teddy bear](3)" classname="com.romanceabroad.ui.GiftsTests" time="4.379">
    <system-err><![CDATA[1609307882481	Marionette	INFO	Stopped listening on port 34067
JavaScript error: resource://activity-stream/lib/ASRouter.jsm, line 987: NS_ERROR_ILLEGAL_VALUE: Component returned failure code: 0x80070057 (NS_ERROR_ILLEGAL_VALUE) [nsIObserverService.removeObserver]
1609307885283	mozrunner::runner	INFO	Running command: "/usr/lib/firefox/firefox" "-marionette" "-foreground" "-no-remote" "-profile" "/tmp/rust_mozprofileiA1GtH"
console.warn: SearchSettings: "get: No settings file exists, new profile?" (new Error("", "(unknown module)"))
]]></system-err>
  </testcase>
  <testcase name="testGiftSearch[Teddy bear](3)" classname="com.romanceabroad.ui.GiftsTests" time="6.185">
    <system-err><![CDATA[Starting ChromeDriver 87.0.4280.88 (89e2380a3e36c3464b5dd1302349b1382549290d-refs/branch-heads/4280@{#1761}) on port 31982
Only local connections are allowed.
Please see https://chromedriver.chromium.org/security-considerations for suggestions on keeping ChromeDriver safe.
ChromeDriver was started successfully.
1609307893037	Marionette	INFO	Listening on port 37369
1609307893171	Marionette	WARN	TLS certificate errors will be ignored for this session
Dec 29, 2020 9:58:13 PM org.openqa.selenium.remote.ProtocolHandshake createSession
INFO: Detected dialect: W3C
Dec 29, 2020 9:58:13 PM org.openqa.selenium.remote.ProtocolHandshake createSession
INFO: Detected dialect: W3C
]]></system-err>
  </testcase>
  <testcase name="testGiftSearch[Teddy bear](3)" classname="com.romanceabroad.ui.GiftsTests" time="7.153">
    <system-err><![CDATA[1609307968995	Marionette	INFO	Stopped listening on port 45469
JavaScript error: resource://activity-stream/lib/ASRouter.jsm, line 987: NS_ERROR_ILLEGAL_VALUE: Component returned failure code: 0x80070057 (NS_ERROR_ILLEGAL_VALUE) [nsIObserverService.removeObserver]
1609307971660	mozrunner::runner	INFO	Running command: "/usr/lib/firefox/firefox" "-marionette" "-foreground" "-no-remote" "-profile" "/tmp/rust_mozprofilevwI6PA"
console.warn: SearchSettings: "get: No settings file exists, new profile?" (new Error("", "(unknown module)"))
1609307977464	Marionette	INFO	Listening on port 44579
1609307977506	Marionette	WARN	TLS certificate errors will be ignored for this session
Dec 29, 2020 9:59:37 PM org.openqa.selenium.remote.ProtocolHandshake createSession
INFO: Detected dialect: W3C
JavaScript warning: https://romanceabroad.com/application/js/jquery.js, line 131: unreachable code after return statement
JavaScript warning: https://romanceabroad.com/application/js/jquery.js, line 131: unreachable code after return statement
]]></system-err>
  </testcase>
  <testcase name="testGiftSearch[TOURS TO UKRAIN](4)" classname="com.romanceabroad.ui.GiftsTests" time="2.808">
    <system-err><![CDATA[Starting OperaDriver 86.0.4240.80 (7ed88b53bda45a2d19efb4f8706dd6b6cad0d3af-refs/branch-heads/4240@{#1183}) on port 17099
Only local connections are allowed.
Please see https://chromedriver.chromium.org/security-considerations for suggestions on keeping OperaDriver safe.
OperaDriver was started successfully.
[1609307898.129][WARNING]: This version of OperaDriver has not been tested with Opera version 87.
Dec 29, 2020 9:58:18 PM org.openqa.selenium.remote.ProtocolHandshake createSession
INFO: Detected dialect: OSS
]]></system-err>
  </testcase>
  <testcase name="testGiftSearch[TOURS TO UKRAIN](4)" classname="com.romanceabroad.ui.GiftsTests" time="6.241"/>
  <testcase name="testGiftSearch[TOURS TO UKRAIN](4)" classname="com.romanceabroad.ui.GiftsTests" time="6.497">
    <system-err><![CDATA[1609307991866	Marionette	INFO	Stopped listening on port 44579
JavaScript error: resource://activity-stream/lib/ASRouter.jsm, line 987: NS_ERROR_ILLEGAL_VALUE: Component returned failure code: 0x80070057 (NS_ERROR_ILLEGAL_VALUE) [nsIObserverService.removeObserver]
1609307995141	mozrunner::runner	INFO	Running command: "/usr/lib/firefox/firefox" "-marionette" "-foreground" "-no-remote" "-profile" "/tmp/rust_mozprofilea6Q2wR"
console.warn: SearchSettings: "get: No settings file exists, new profile?" (new Error("", "(unknown module)"))
1609308004644	Marionette	INFO	Listening on port 40131
1609308004686	Marionette	WARN	TLS certificate errors will be ignored for this session
Dec 29, 2020 10:00:04 PM org.openqa.selenium.remote.ProtocolHandshake createSession
INFO: Detected dialect: W3C
JavaScript warning: https://romanceabroad.com/application/js/jquery.js, line 131: unreachable code after return statement
JavaScript warning: https://romanceabroad.com/application/js/jquery.js, line 131: unreachable code after return statement
]]></system-err>
  </testcase>
</testsuite>