<?xml version="1.0" encoding="UTF-8"?>
<!-- Generated by org.testng.reporters.JUnitReportReporter -->
<testsuite skipped="0" hostname="dream" name="com.romanceabroad.ui.RegistrationTests" tests="18" failures="0" timestamp="30 Dec 2020 05:21:10 GMT" time="431.073" errors="0">
  <testcase name="testRegistration" time="26.334" classname="com.romanceabroad.ui.RegistrationTests"/>
  <testcase name="testRegistration" time="22.005" classname="com.romanceabroad.ui.RegistrationTests"/>
  <testcase name="testRegistration" time="27.572" classname="com.romanceabroad.ui.RegistrationTests"/>
  <testcase name="testRegistration2" time="12.161" classname="com.romanceabroad.ui.RegistrationTests"/>
  <testcase name="testRegistration" time="20.143" classname="com.romanceabroad.ui.RegistrationTests"/>
  <testcase name="testRegistration2" time="11.526" classname="com.romanceabroad.ui.RegistrationTests"/>
  <testcase name="testRegistration2" time="27.824" classname="com.romanceabroad.ui.RegistrationTests"/>
  <testcase name="testRegistration2" time="20.520" classname="com.romanceabroad.ui.RegistrationTests"/>
  <testcase name="testRegistration2" time="28.060" classname="com.romanceabroad.ui.RegistrationTests"/>
  <testcase name="testRegistration2" time="22.506" classname="com.romanceabroad.ui.RegistrationTests"/>
  <testcase name="testRegistration" time="30.439" classname="com.romanceabroad.ui.RegistrationTests"/>
  <testcase name="testRegistration2" time="20.564" classname="com.romanceabroad.ui.RegistrationTests"/>
  <testcase name="testRegistration" time="32.710" classname="com.romanceabroad.ui.RegistrationTests"/>
  <testcase name="testRegistration2" time="31.606" classname="com.romanceabroad.ui.RegistrationTests"/>
  <testcase name="testRegistration2" time="20.268" classname="com.romanceabroad.ui.RegistrationTests"/>
  <testcase name="testRegistration" time="21.675" classname="com.romanceabroad.ui.RegistrationTests"/>
  <testcase name="testRegistration" time="33.925" classname="com.romanceabroad.ui.RegistrationTests"/>
  <testcase name="testRegistration" time="21.235" classname="com.romanceabroad.ui.RegistrationTests"/>
</testsuite> <!-- com.romanceabroad.ui.RegistrationTests -->
