<?xml version="1.0" encoding="UTF-8"?>
<!-- Generated by org.testng.reporters.JUnitReportReporter -->
<testsuite skipped="0" hostname="dream" name="com.romanceabroad.ui.RegistrationTests2" tests="9" failures="0" timestamp="30 Dec 2020 05:21:10 GMT" time="221.515" errors="0">
  <testcase name="testRegistration2" time="28.823" classname="com.romanceabroad.ui.RegistrationTests2"/>
  <testcase name="testRegistration2" time="23.953" classname="com.romanceabroad.ui.RegistrationTests2"/>
  <testcase name="testRegistration2" time="28.881" classname="com.romanceabroad.ui.RegistrationTests2"/>
  <testcase name="testRegistration2" time="29.221" classname="com.romanceabroad.ui.RegistrationTests2"/>
  <testcase name="testRegistration2" time="14.589" classname="com.romanceabroad.ui.RegistrationTests2"/>
  <testcase name="testRegistration2" time="22.400" classname="com.romanceabroad.ui.RegistrationTests2"/>
  <testcase name="testRegistration2" time="21.269" classname="com.romanceabroad.ui.RegistrationTests2"/>
  <testcase name="testRegistration2" time="26.368" classname="com.romanceabroad.ui.RegistrationTests2"/>
  <testcase name="testRegistration2" time="26.011" classname="com.romanceabroad.ui.RegistrationTests2"/>
</testsuite> <!-- com.romanceabroad.ui.RegistrationTests2 -->
